<?xml version="1.0" encoding="UTF-8"?>
<!-- Generated by org.testng.reporters.JUnitXMLReporter -->
<testsuite hostname="Neses-MBP.home" ignored="0" name="Default test" tests="5" failures="0" timestamp="24 Mar 2020 00:49:43 GMT" time="72.255" errors="0">
  <testcase name="selectHotelCloserThanTenMile" time="5.397" classname="Tests.SearchPageTest"/>
  <testcase name="verifySecondPageTitle" time="0.034" classname="Tests.SearchPageTest"/>
  <testcase name="fiveStarCloserThanTenMile" time="2.318" classname="Tests.SearchPageTest"/>
  <testcase name="fourStarCloserThanTenMiles" time="2.694" classname="Tests.SearchPageTest"/>
  <testcase name="threeStarCloserThanTenMile" time="2.478" classname="Tests.SearchPageTest"/>
</testsuite> <!-- Default test -->
