<?xml version="1.0" encoding="UTF-8"?>
<testng-results skipped="0" failed="0" ignored="0" total="5" passed="5">
  <reporter-output>
  </reporter-output>
  <suite name="Default suite" duration-ms="72255" started-at="2020-03-24T00:48:31Z" finished-at="2020-03-24T00:49:43Z">
    <groups>
    </groups>
    <test name="Default test" duration-ms="72255" started-at="2020-03-24T00:48:31Z" finished-at="2020-03-24T00:49:43Z">
      <class name="Tests.SearchPageTest">
        <test-method status="PASS" signature="setUp()[pri:0, instance:Tests.SearchPageTest@2b6856dd]" name="setUp" is-config="true" duration-ms="11874" started-at="2020-03-24T00:48:31Z" finished-at="2020-03-24T00:48:43Z">
          <reporter-output>
          </reporter-output>
        </test-method> <!-- setUp -->
        <test-method status="PASS" signature="selectHotelCloserThanTenMile()[pri:0, instance:Tests.SearchPageTest@2b6856dd]" name="selectHotelCloserThanTenMile" duration-ms="5397" started-at="2020-03-24T00:48:43Z" finished-at="2020-03-24T00:48:49Z">
          <reporter-output>
          </reporter-output>
        </test-method> <!-- selectHotelCloserThanTenMile -->
        <test-method status="PASS" signature="tearDown()[pri:0, instance:Tests.SearchPageTest@2b6856dd]" name="tearDown" is-config="true" duration-ms="127" started-at="2020-03-24T00:48:49Z" finished-at="2020-03-24T00:48:49Z">
          <reporter-output>
          </reporter-output>
        </test-method> <!-- tearDown -->
        <test-method status="PASS" signature="setUp()[pri:0, instance:Tests.SearchPageTest@2b6856dd]" name="setUp" is-config="true" duration-ms="11189" started-at="2020-03-24T00:48:49Z" finished-at="2020-03-24T00:49:00Z">
          <reporter-output>
          </reporter-output>
        </test-method> <!-- setUp -->
        <test-method status="PASS" signature="verifySecondPageTitle()[pri:1, instance:Tests.SearchPageTest@2b6856dd]" name="verifySecondPageTitle" duration-ms="34" started-at="2020-03-24T00:49:00Z" finished-at="2020-03-24T00:49:00Z">
          <reporter-output>
          </reporter-output>
        </test-method> <!-- verifySecondPageTitle -->
        <test-method status="PASS" signature="tearDown()[pri:0, instance:Tests.SearchPageTest@2b6856dd]" name="tearDown" is-config="true" duration-ms="130" started-at="2020-03-24T00:49:00Z" finished-at="2020-03-24T00:49:00Z">
          <reporter-output>
          </reporter-output>
        </test-method> <!-- tearDown -->
        <test-method status="PASS" signature="setUp()[pri:0, instance:Tests.SearchPageTest@2b6856dd]" name="setUp" is-config="true" duration-ms="12915" started-at="2020-03-24T00:49:00Z" finished-at="2020-03-24T00:49:13Z">
          <reporter-output>
          </reporter-output>
        </test-method> <!-- setUp -->
        <test-method status="PASS" signature="fiveStarCloserThanTenMile()[pri:2, instance:Tests.SearchPageTest@2b6856dd]" name="fiveStarCloserThanTenMile" duration-ms="2318" started-at="2020-03-24T00:49:13Z" finished-at="2020-03-24T00:49:15Z">
          <reporter-output>
          </reporter-output>
        </test-method> <!-- fiveStarCloserThanTenMile -->
        <test-method status="PASS" signature="tearDown()[pri:0, instance:Tests.SearchPageTest@2b6856dd]" name="tearDown" is-config="true" duration-ms="115" started-at="2020-03-24T00:49:15Z" finished-at="2020-03-24T00:49:15Z">
          <reporter-output>
          </reporter-output>
        </test-method> <!-- tearDown -->
        <test-method status="PASS" signature="setUp()[pri:0, instance:Tests.SearchPageTest@2b6856dd]" name="setUp" is-config="true" duration-ms="11562" started-at="2020-03-24T00:49:15Z" finished-at="2020-03-24T00:49:27Z">
          <reporter-output>
          </reporter-output>
        </test-method> <!-- setUp -->
        <test-method status="PASS" signature="fourStarCloserThanTenMiles()[pri:3, instance:Tests.SearchPageTest@2b6856dd]" name="fourStarCloserThanTenMiles" duration-ms="2694" started-at="2020-03-24T00:49:27Z" finished-at="2020-03-24T00:49:30Z">
          <reporter-output>
          </reporter-output>
        </test-method> <!-- fourStarCloserThanTenMiles -->
        <test-method status="PASS" signature="tearDown()[pri:0, instance:Tests.SearchPageTest@2b6856dd]" name="tearDown" is-config="true" duration-ms="111" started-at="2020-03-24T00:49:30Z" finished-at="2020-03-24T00:49:30Z">
          <reporter-output>
          </reporter-output>
        </test-method> <!-- tearDown -->
        <test-method status="PASS" signature="setUp()[pri:0, instance:Tests.SearchPageTest@2b6856dd]" name="setUp" is-config="true" duration-ms="11087" started-at="2020-03-24T00:49:30Z" finished-at="2020-03-24T00:49:41Z">
          <reporter-output>
          </reporter-output>
        </test-method> <!-- setUp -->
        <test-method status="PASS" signature="threeStarCloserThanTenMile()[pri:4, instance:Tests.SearchPageTest@2b6856dd]" name="threeStarCloserThanTenMile" duration-ms="2478" started-at="2020-03-24T00:49:41Z" finished-at="2020-03-24T00:49:43Z">
          <reporter-output>
          </reporter-output>
        </test-method> <!-- threeStarCloserThanTenMile -->
        <test-method status="PASS" signature="tearDown()[pri:0, instance:Tests.SearchPageTest@2b6856dd]" name="tearDown" is-config="true" duration-ms="110" started-at="2020-03-24T00:49:43Z" finished-at="2020-03-24T00:49:43Z">
          <reporter-output>
          </reporter-output>
        </test-method> <!-- tearDown -->
      </class> <!-- Tests.SearchPageTest -->
    </test> <!-- Default test -->
  </suite> <!-- Default suite -->
</testng-results>
